[debug] [2023-01-24T17:52:26.409Z] ----------------------------------------------------------------------
[debug] [2023-01-24T17:52:26.411Z] Command:       /home/thales/.nvm/versions/node/v16.14.0/bin/node /home/thales/.nvm/versions/node/v16.14.0/bin/firebase deploy --only hosting
[debug] [2023-01-24T17:52:26.411Z] CLI Version:   11.21.0
[debug] [2023-01-24T17:52:26.411Z] Platform:      linux
[debug] [2023-01-24T17:52:26.411Z] Node Version:  v16.14.0
[debug] [2023-01-24T17:52:26.412Z] Time:          Tue Jan 24 2023 14:52:26 GMT-0300 (Horário Padrão de Brasília)
[debug] [2023-01-24T17:52:26.412Z] ----------------------------------------------------------------------
[debug] 
[debug] [2023-01-24T17:52:26.473Z] > command requires scopes: ["email","openid","https://www.googleapis.com/auth/cloudplatformprojects.readonly","https://www.googleapis.com/auth/firebase","https://www.googleapis.com/auth/cloud-platform"]
[debug] [2023-01-24T17:52:26.474Z] > authorizing via signed-in user (thalesmsm12@gmail.com)
[debug] [2023-01-24T17:52:26.474Z] [iam] checking project environbit-challange for permissions ["firebase.projects.get","firebasehosting.sites.update"]
[debug] [2023-01-24T17:52:26.476Z] >>> [apiv2][query] POST https://cloudresourcemanager.googleapis.com/v1/projects/environbit-challange:testIamPermissions [none]
[debug] [2023-01-24T17:52:26.476Z] >>> [apiv2][(partial)header] POST https://cloudresourcemanager.googleapis.com/v1/projects/environbit-challange:testIamPermissions x-goog-quota-user=projects/environbit-challange
[debug] [2023-01-24T17:52:26.477Z] >>> [apiv2][body] POST https://cloudresourcemanager.googleapis.com/v1/projects/environbit-challange:testIamPermissions {"permissions":["firebase.projects.get","firebasehosting.sites.update"]}
[debug] [2023-01-24T17:52:27.432Z] <<< [apiv2][status] POST https://cloudresourcemanager.googleapis.com/v1/projects/environbit-challange:testIamPermissions 200
[debug] [2023-01-24T17:52:27.433Z] <<< [apiv2][body] POST https://cloudresourcemanager.googleapis.com/v1/projects/environbit-challange:testIamPermissions {"permissions":["firebase.projects.get","firebasehosting.sites.update"]}
[debug] [2023-01-24T17:52:27.436Z] >>> [apiv2][query] GET https://firebase.googleapis.com/v1beta1/projects/environbit-challange [none]
[debug] [2023-01-24T17:52:27.912Z] <<< [apiv2][status] GET https://firebase.googleapis.com/v1beta1/projects/environbit-challange 200
[debug] [2023-01-24T17:52:27.913Z] <<< [apiv2][body] GET https://firebase.googleapis.com/v1beta1/projects/environbit-challange {"projectId":"environbit-challange","projectNumber":"150534381104","displayName":"environbit-challange","name":"projects/environbit-challange","resources":{"hostingSite":"environbit-challange"},"state":"ACTIVE","etag":"1_c6a5d090-42be-4c53-b703-25d0b805e292"}
[info] 
[info] === Deploying to 'environbit-challange'...
[info] 
[info] i  deploying hosting 
[debug] [2023-01-24T17:52:27.930Z] >>> [apiv2][query] POST https://firebasehosting.googleapis.com/v1beta1/projects/-/sites/environbit-challange/versions [none]
[debug] [2023-01-24T17:52:27.931Z] >>> [apiv2][body] POST https://firebasehosting.googleapis.com/v1beta1/projects/-/sites/environbit-challange/versions {"status":"CREATED","labels":{"deployment-tool":"cli-firebase"}}
[debug] [2023-01-24T17:52:29.230Z] <<< [apiv2][status] POST https://firebasehosting.googleapis.com/v1beta1/projects/-/sites/environbit-challange/versions 200
[debug] [2023-01-24T17:52:29.231Z] <<< [apiv2][body] POST https://firebasehosting.googleapis.com/v1beta1/projects/-/sites/environbit-challange/versions {"name":"projects/150534381104/sites/environbit-challange/versions/a5c2516a66055647","status":"CREATED","config":{},"labels":{"deployment-tool":"cli-firebase"}}
[info] i  hosting[environbit-challange]: beginning deploy... 
[info] i  hosting[environbit-challange]: found 13 files in build 
[debug] [2023-01-24T17:52:29.261Z] [hosting] uploading with 200 concurrency
[debug] [2023-01-24T17:52:29.587Z] [hosting] hash cache [YnVpbGQ] stored for 13 files
[debug] [2023-01-24T17:52:29.588Z] [hosting][hash queue][FINAL] {"max":312,"min":21,"avg":45.76923076923077,"active":0,"complete":13,"success":13,"errored":0,"retried":0,"total":13,"elapsed":323}
[debug] [2023-01-24T17:52:29.588Z] >>> [apiv2][query] POST https://firebasehosting.googleapis.com/v1beta1/projects/150534381104/sites/environbit-challange/versions/a5c2516a66055647:populateFiles [none]
[debug] [2023-01-24T17:52:29.588Z] >>> [apiv2][body] POST https://firebasehosting.googleapis.com/v1beta1/projects/150534381104/sites/environbit-challange/versions/a5c2516a66055647:populateFiles {"files":{"/asset-manifest.json":"48f25f57d450f72645a29abeafbe20f31964b1f94b7a9fc14c55fb5ed927f91a","/favicon.ico":"c599b7a91ab3627e3538125d9f40adc2d4bf949046984262670545dc7738af06","/index.html":"dea8fd87548e77715e5067fdb3979eb5cd41b0d1ebbd55ace8737ec2bace28cb","/logo192.png":"76c449ccb9cd117c2f2338f091b18f7050f3210e249b2228f5c81b23f34377cd","/logo512.png":"7779210d56c1f3741e2e487799fe3092def4fa6ac450a60532b807c3a8971205","/manifest.json":"0958a5e0c831126100c8c2d06a6bbaa665a3900f21aaff4130238a6f5a113aa1","/robots.txt":"2544ca049f223a42bff01f72ad930a5edba75bbb7199d0f8430a02ff5aca16ec","/db/movies.json":"2e051711831aa8a01457bbc0d928bad07c3f0210dbc49b0c106c49ef856a3070","/static/css/main.678ec428.css":"50166538735a065272002c48050351a7e60d13c754750108ccd6aef26b3a59b9","/static/css/main.678ec428.css.map":"e58654313c5371d1dd0254d858d424a4bec03c76e52ecdd27a611697572a56fa","/static/js/main.7f28590a.js.LICENSE.txt":"b7c2a8ad42bf0e193d21c53b80395e53cb713dd92ed64a7ac15fb506c7125efa","/static/js/main.7f28590a.js":"6386963d3be1d78c781beddca986f7fdbcf5ec37e1f87b9d55ba8ec3b5cb0b83","/static/js/main.7f28590a.js.map":"309fcc6d9bad32cd0c752c7018906f1d51f0ac342bd8971eeb9c81ee7a3c2823"}}
[debug] [2023-01-24T17:52:30.734Z] <<< [apiv2][status] POST https://firebasehosting.googleapis.com/v1beta1/projects/150534381104/sites/environbit-challange/versions/a5c2516a66055647:populateFiles 200
[debug] [2023-01-24T17:52:30.734Z] <<< [apiv2][body] POST https://firebasehosting.googleapis.com/v1beta1/projects/150534381104/sites/environbit-challange/versions/a5c2516a66055647:populateFiles {"uploadRequiredHashes":["dea8fd87548e77715e5067fdb3979eb5cd41b0d1ebbd55ace8737ec2bace28cb","50166538735a065272002c48050351a7e60d13c754750108ccd6aef26b3a59b9","e58654313c5371d1dd0254d858d424a4bec03c76e52ecdd27a611697572a56fa","309fcc6d9bad32cd0c752c7018906f1d51f0ac342bd8971eeb9c81ee7a3c2823","6386963d3be1d78c781beddca986f7fdbcf5ec37e1f87b9d55ba8ec3b5cb0b83","48f25f57d450f72645a29abeafbe20f31964b1f94b7a9fc14c55fb5ed927f91a"],"uploadUrl":"https://upload-firebasehosting.googleapis.com/upload/sites/environbit-challange/versions/a5c2516a66055647/files"}
[debug] [2023-01-24T17:52:30.736Z] >>> [apiv2][query] POST https://upload-firebasehosting.googleapis.com/upload/sites/environbit-challange/versions/a5c2516a66055647/files/dea8fd87548e77715e5067fdb3979eb5cd41b0d1ebbd55ace8737ec2bace28cb [none]
[debug] [2023-01-24T17:52:30.736Z] >>> [apiv2][body] POST https://upload-firebasehosting.googleapis.com/upload/sites/environbit-challange/versions/a5c2516a66055647/files/dea8fd87548e77715e5067fdb3979eb5cd41b0d1ebbd55ace8737ec2bace28cb [stream]
[debug] [2023-01-24T17:52:30.738Z] >>> [apiv2][query] POST https://upload-firebasehosting.googleapis.com/upload/sites/environbit-challange/versions/a5c2516a66055647/files/50166538735a065272002c48050351a7e60d13c754750108ccd6aef26b3a59b9 [none]
[debug] [2023-01-24T17:52:30.738Z] >>> [apiv2][body] POST https://upload-firebasehosting.googleapis.com/upload/sites/environbit-challange/versions/a5c2516a66055647/files/50166538735a065272002c48050351a7e60d13c754750108ccd6aef26b3a59b9 [stream]
[debug] [2023-01-24T17:52:30.739Z] >>> [apiv2][query] POST https://upload-firebasehosting.googleapis.com/upload/sites/environbit-challange/versions/a5c2516a66055647/files/e58654313c5371d1dd0254d858d424a4bec03c76e52ecdd27a611697572a56fa [none]
[debug] [2023-01-24T17:52:30.739Z] >>> [apiv2][body] POST https://upload-firebasehosting.googleapis.com/upload/sites/environbit-challange/versions/a5c2516a66055647/files/e58654313c5371d1dd0254d858d424a4bec03c76e52ecdd27a611697572a56fa [stream]
[debug] [2023-01-24T17:52:30.740Z] >>> [apiv2][query] POST https://upload-firebasehosting.googleapis.com/upload/sites/environbit-challange/versions/a5c2516a66055647/files/309fcc6d9bad32cd0c752c7018906f1d51f0ac342bd8971eeb9c81ee7a3c2823 [none]
[debug] [2023-01-24T17:52:30.740Z] >>> [apiv2][body] POST https://upload-firebasehosting.googleapis.com/upload/sites/environbit-challange/versions/a5c2516a66055647/files/309fcc6d9bad32cd0c752c7018906f1d51f0ac342bd8971eeb9c81ee7a3c2823 [stream]
[debug] [2023-01-24T17:52:30.741Z] >>> [apiv2][query] POST https://upload-firebasehosting.googleapis.com/upload/sites/environbit-challange/versions/a5c2516a66055647/files/6386963d3be1d78c781beddca986f7fdbcf5ec37e1f87b9d55ba8ec3b5cb0b83 [none]
[debug] [2023-01-24T17:52:30.741Z] >>> [apiv2][body] POST https://upload-firebasehosting.googleapis.com/upload/sites/environbit-challange/versions/a5c2516a66055647/files/6386963d3be1d78c781beddca986f7fdbcf5ec37e1f87b9d55ba8ec3b5cb0b83 [stream]
[debug] [2023-01-24T17:52:30.742Z] >>> [apiv2][query] POST https://upload-firebasehosting.googleapis.com/upload/sites/environbit-challange/versions/a5c2516a66055647/files/48f25f57d450f72645a29abeafbe20f31964b1f94b7a9fc14c55fb5ed927f91a [none]
[debug] [2023-01-24T17:52:30.742Z] >>> [apiv2][body] POST https://upload-firebasehosting.googleapis.com/upload/sites/environbit-challange/versions/a5c2516a66055647/files/48f25f57d450f72645a29abeafbe20f31964b1f94b7a9fc14c55fb5ed927f91a [stream]
[debug] [2023-01-24T17:52:30.743Z] [hosting][populate queue][FINAL] {"max":1149,"min":1149,"avg":1149,"active":0,"complete":1,"success":1,"errored":0,"retried":0,"total":1,"elapsed":1156}
[debug] [2023-01-24T17:52:30.743Z] [hosting] uploads queued: 6
